<?xml version="1.0" encoding="UTF-8"?>
<!-- Generated by org.testng.reporters.JUnitXMLReporter -->
<testsuite ignored="0" hostname="NOI-PW03VFY0" failures="2" tests="28" name="EdgeTest" time="168.844" errors="0" timestamp="2025-03-25T18:05:13 IST">
  <testcase classname="highlineWarren.test.HighLineWarrenDemoTest" name="highLineWarrenTitleValidation" time="0.011"/>
  <testcase classname="highlineWarren.test.ValidateHighLineWarrenDOMTest" name="highLineWarrenTitleValidation" time="0.008"/>
  <testcase classname="highlineWarren.test.HighLineWarrenDemoTest" name="verifyHighLineWarrenLogo" time="0.054">
    <skipped/>
  </testcase> <!-- verifyHighLineWarrenLogo -->
  <testcase classname="highlineWarren.test.HighLineWarrenDemoTest" name="verifyHighLineWarrenLogo" time="0.036">
    <skipped/>
  </testcase> <!-- verifyHighLineWarrenLogo -->
  <testcase classname="highlineWarren.test.HighLineWarrenDemoTest" name="verifyHighLineWarrenLogo" time="0.034">
    <skipped/>
  </testcase> <!-- verifyHighLineWarrenLogo -->
  <testcase classname="highlineWarren.test.HighLineWarrenDemoTest" name="verifyHighLineWarrenLogo" time="0.051">
    <failure type="java.lang.AssertionError" message="X-coordinate mismatch! expected [79] but found [76]">
      <![CDATA[java.lang.AssertionError: X-coordinate mismatch! expected [79] but found [76]
at highlineWarren.test.HighLineWarrenDemoTest.verifyHighLineWarrenLogo(HighLineWarrenDemoTest.java:74)
at java.base/java.util.ArrayList.forEach(ArrayList.java:1597)
at java.base/java.util.concurrent.FutureTask.run(FutureTask.java:317)
at java.base/java.util.concurrent.ThreadPoolExecutor.runWorker(ThreadPoolExecutor.java:1144)
at java.base/java.util.concurrent.ThreadPoolExecutor$Worker.run(ThreadPoolExecutor.java:642)
at java.base/java.lang.Thread.run(Thread.java:1575)
... Removed 21 stack frames]]>
    </failure>
  </testcase> <!-- verifyHighLineWarrenLogo -->
  <testcase classname="highlineWarren.test.ValidateHighLineWarrenDOMTest" name="verifyHighLineWarrenLogo" time="0.067">
    <skipped/>
  </testcase> <!-- verifyHighLineWarrenLogo -->
  <testcase classname="highlineWarren.test.ValidateHighLineWarrenDOMTest" name="verifyHighLineWarrenLogo" time="0.04">
    <skipped/>
  </testcase> <!-- verifyHighLineWarrenLogo -->
  <testcase classname="highlineWarren.test.ValidateHighLineWarrenDOMTest" name="verifyHighLineWarrenLogo" time="0.042">
    <skipped/>
  </testcase> <!-- verifyHighLineWarrenLogo -->
  <testcase classname="highlineWarren.test.ValidateHighLineWarrenDOMTest" name="verifyHighLineWarrenLogo" time="0.039">
    <failure type="java.lang.AssertionError" message="X-coordinate mismatch! expected [79] but found [76]">
      <![CDATA[java.lang.AssertionError: X-coordinate mismatch! expected [79] but found [76]
at highlineWarren.test.ValidateHighLineWarrenDOMTest.verifyHighLineWarrenLogo(ValidateHighLineWarrenDOMTest.java:74)
at java.base/java.util.ArrayList.forEach(ArrayList.java:1597)
at java.base/java.util.concurrent.FutureTask.run(FutureTask.java:317)
at java.base/java.util.concurrent.ThreadPoolExecutor.runWorker(ThreadPoolExecutor.java:1144)
at java.base/java.util.concurrent.ThreadPoolExecutor$Worker.run(ThreadPoolExecutor.java:642)
at java.base/java.lang.Thread.run(Thread.java:1575)
... Removed 21 stack frames]]>
    </failure>
  </testcase> <!-- verifyHighLineWarrenLogo -->
  <testcase classname="highlineWarren.test.HighLineWarrenDemoTest" name="verifyHighLineWarrenUrl" time="0.009"/>
  <testcase classname="highlineWarren.test.ValidateHighLineWarrenDOMTest" name="verifyHighLineWarrenUrl" time="0.006"/>
  <testcase classname="highlineWarren.test.HighLineWarrenDemoTest" name="verifyBrowserByCategoryIsClickable" time="0.125"/>
  <testcase classname="highlineWarren.test.ValidateHighLineWarrenDOMTest" name="verifyBrowserByCategoryIsClickable" time="0.115"/>
  <testcase classname="highlineWarren.test.HighLineWarrenDemoTest" name="verifyAllCategoryAreScrollableAndCountAllCategories" time="42.263"/>
  <testcase classname="highlineWarren.test.ValidateHighLineWarrenDOMTest" name="verifyAllCategoryAreScrollableAndCountAllCategories" time="40.791"/>
  <testcase classname="highlineWarren.test.HighLineWarrenDemoTest" name="verifyFirstCategoryIsClickableAndFunctional" time="5.006"/>
  <testcase classname="highlineWarren.test.ValidateHighLineWarrenDOMTest" name="verifyFirstCategoryIsClickableAndFunctional" time="5.125"/>
  <testcase classname="highlineWarren.test.HighLineWarrenDemoTest" name="verifySecondCategory" time="5.051"/>
  <testcase classname="highlineWarren.test.ValidateHighLineWarrenDOMTest" name="verifySecondCategory" time="4.906"/>
  <testcase classname="highlineWarren.test.HighLineWarrenDemoTest" name="verifySecondCategoryFunctionalityWithBrands" time="6.27"/>
  <testcase classname="highlineWarren.test.ValidateHighLineWarrenDOMTest" name="verifySecondCategoryFunctionalityWithBrands" time="6.232"/>
  <testcase classname="highlineWarren.test.HighLineWarrenDemoTest" name="verifySearchFunctionalityIsClickable" time="8.388"/>
  <testcase classname="highlineWarren.test.ValidateHighLineWarrenDOMTest" name="verifySearchFunctionalityIsClickable" time="6.372"/>
  <testcase classname="highlineWarren.test.HighLineWarrenDemoTest" name="verifySearchFunctionalityWithBrands" time="7.704"/>
  <testcase classname="highlineWarren.test.ValidateHighLineWarrenDOMTest" name="verifySearchFunctionalityWithBrands" time="0.001">
    <skipped/>
  </testcase> <!-- verifySearchFunctionalityWithBrands -->
  <testcase classname="highlineWarren.test.ValidateHighLineWarrenDOMTest" name="verifySearchFunctionalityWithBrands" time="0.001">
    <skipped/>
  </testcase> <!-- verifySearchFunctionalityWithBrands -->
  <testcase classname="highlineWarren.test.ValidateHighLineWarrenDOMTest" name="verifySearchFunctionalityWithBrands" time="0.002">
    <skipped/>
  </testcase> <!-- verifySearchFunctionalityWithBrands -->
</testsuite> <!-- EdgeTest -->
